<?xml version="1.0" encoding="UTF-8"?>
<!-- Generated by org.testng.reporters.JUnitReportReporter -->
<testsuite hostname="DESKTOP-BKBOD59" failures="0" tests="1" name="Practice.FindTwoSum1" time="0.014" errors="0" timestamp="2022-03-04T10:02:09 PST" skipped="0">
  <testcase classname="Practice.FindTwoSum1" name="test" time="0.014"/>
  <system-out/>
</testsuite> <!-- Practice.FindTwoSum1 -->
