<?xml version="1.0" encoding="UTF-8"?>
<!-- Generated by org.testng.reporters.JUnitReportReporter -->
<testsuite hostname="DESKTOP-BKBOD59" failures="0" tests="1" name="Arrays_Programs.peakElement" time="0.008" errors="0" timestamp="2022-10-13T13:12:33 PDT" skipped="0">
  <testcase classname="Arrays_Programs.peakElement" name="test" time="0.008"/>
  <system-out/>
</testsuite> <!-- Arrays_Programs.peakElement -->
