<?xml version="1.0" encoding="UTF-8"?>
<!-- Generated by org.testng.reporters.JUnitReportReporter -->
<testsuite hostname="Neelams-iMac.local" failures="0" tests="1" name="JavaMock.NumberPalindrome" time="0.013" errors="0" timestamp="2022-02-19T17:27:15 PST" skipped="0">
  <testcase classname="JavaMock.NumberPalindrome" name="isNumberPalindrome" time="0.013"/>
  <system-out/>
</testsuite> <!-- JavaMock.NumberPalindrome -->
