<?xml version="1.0" encoding="UTF-8"?>
<!-- Generated by org.testng.reporters.JUnitReportReporter -->
<testsuite hostname="DESKTOP-BKBOD59" failures="0" tests="1" name="Arrays_Programs.ReverseArray" time="0.010" errors="0" timestamp="2022-03-28T12:41:02 PDT" skipped="0">
  <testcase classname="Arrays_Programs.ReverseArray" name="array" time="0.010"/>
  <system-out/>
</testsuite> <!-- Arrays_Programs.ReverseArray -->
