<?xml version="1.0" encoding="UTF-8"?>
<!-- Generated by org.testng.reporters.JUnitReportReporter -->
<testsuite hostname="DESKTOP-BKBOD59" failures="0" tests="1" name="Practice.Practice" time="0.010" errors="0" timestamp="2022-03-28T13:21:13 PDT" skipped="0">
  <testcase classname="Practice.Practice" name="test" time="0.010"/>
  <system-out/>
</testsuite> <!-- Practice.Practice -->
