<?xml version="1.0" encoding="UTF-8"?>
<!-- Generated by org.testng.reporters.JUnitReportReporter -->
<testsuite hostname="DESKTOP-BKBOD59" failures="0" tests="1" name="Practice.FindTwoSum" time="0.007" errors="0" timestamp="2022-03-03T13:10:45 PST" skipped="0">
  <testcase classname="Practice.FindTwoSum" name="test" time="0.007"/>
  <system-out/>
</testsuite> <!-- Practice.FindTwoSum -->
