<?xml version="1.0" encoding="UTF-8"?>
<!-- Generated by org.testng.reporters.JUnitReportReporter -->
<testsuite hostname="DESKTOP-BKBOD59" failures="0" tests="1" name="JavaMock.BinarySearch" time="0.032" errors="0" timestamp="2022-02-25T15:02:14 PST" skipped="0">
  <testcase classname="JavaMock.BinarySearch" name="arraySearch" time="0.032"/>
  <system-out/>
</testsuite> <!-- JavaMock.BinarySearch -->
