<?xml version="1.0" encoding="UTF-8"?>
<!-- Generated by org.testng.reporters.JUnitReportReporter -->
<testsuite hostname="DESKTOP-BKBOD59" failures="0" tests="1" name="Arrays_Programs.FindTwoSum2" time="0.007" errors="0" timestamp="2022-10-10T16:41:01 PDT" skipped="0">
  <testcase classname="Arrays_Programs.FindTwoSum2" name="test" time="0.007"/>
  <system-out/>
</testsuite> <!-- Arrays_Programs.FindTwoSum2 -->
