<?xml version="1.0" encoding="UTF-8"?>
<!-- Generated by org.testng.reporters.JUnitReportReporter -->
<testsuite hostname="DESKTOP-BKBOD59" failures="0" tests="1" name="JavaMock.LinearSearch" time="0.010" errors="0" timestamp="2022-02-25T14:18:50 PST" skipped="0">
  <testcase classname="JavaMock.LinearSearch" name="stringSearch" time="0.010"/>
  <system-out/>
</testsuite> <!-- JavaMock.LinearSearch -->
