<?xml version="1.0" encoding="UTF-8"?>
<!-- Generated by org.testng.reporters.JUnitReportReporter -->
<testsuite hostname="DESKTOP-BKBOD59" failures="0" tests="1" name="Arrays_Programs.binarySearchAnElement" time="0.006" errors="0" timestamp="2022-03-10T11:05:11 PST" skipped="0">
  <testcase classname="Arrays_Programs.binarySearchAnElement" name="arraySearch" time="0.006"/>
  <system-out/>
</testsuite> <!-- Arrays_Programs.binarySearchAnElement -->
