<?xml version="1.0" encoding="UTF-8"?>
<!-- Generated by org.testng.reporters.JUnitReportReporter -->
<testsuite hostname="DESKTOP-BKBOD59" failures="0" tests="1" name="JavaMock.ReverseArray" time="0.007" errors="0" timestamp="2022-02-26T17:45:59 PST" skipped="0">
  <testcase classname="JavaMock.ReverseArray" name="array" time="0.007"/>
  <system-out/>
</testsuite> <!-- JavaMock.ReverseArray -->
