<?xml version="1.0" encoding="UTF-8"?>
<!-- Generated by org.testng.reporters.JUnitReportReporter -->
<testsuite hostname="DESKTOP-BKBOD59" failures="0" tests="1" name="String_Programs.frequencyOfCharacterOccurence2" time="0.008" errors="0" timestamp="2022-09-27T14:44:34 PDT" skipped="0">
  <testcase classname="String_Programs.frequencyOfCharacterOccurence2" name="test" time="0.008"/>
  <system-out/>
</testsuite> <!-- String_Programs.frequencyOfCharacterOccurence2 -->
