<?xml version="1.0" encoding="UTF-8"?>
<!-- Generated by org.testng.reporters.JUnitReportReporter -->
<testsuite hostname="DESKTOP-BKBOD59" failures="0" tests="1" name="Practice.FindTwoSum2" time="0.009" errors="0" timestamp="2022-03-03T14:50:10 PST" skipped="0">
  <testcase classname="Practice.FindTwoSum2" name="test" time="0.009"/>
  <system-out/>
</testsuite> <!-- Practice.FindTwoSum2 -->
